# Largestack 24h Soak Test
Started: Thu May 14 12:48:07 AM IST 2026
Thu May 14 12:48:07 AM IST 2026
..............................................                           [100%]
46 passed in 4.11s
----
Thu May 14 12:53:13 AM IST 2026
..............................................                           [100%]
46 passed in 4.12s
----
Thu May 14 12:58:20 AM IST 2026
..............................................                           [100%]
46 passed in 4.02s
----
Thu May 14 01:03:26 AM IST 2026
..............................................                           [100%]
46 passed in 3.66s
----
Thu May 14 01:08:32 AM IST 2026
..............................................                           [100%]
46 passed in 3.57s
----
Thu May 14 01:13:37 AM IST 2026
..............................................                           [100%]
46 passed in 3.73s
----
Thu May 14 01:18:43 AM IST 2026
..............................................                           [100%]
46 passed in 3.58s
----
Thu May 14 01:23:49 AM IST 2026
..............................................                           [100%]
46 passed in 3.57s
----
Thu May 14 01:28:55 AM IST 2026
..............................................                           [100%]
46 passed in 3.56s
----
Thu May 14 01:34:00 AM IST 2026
..............................................                           [100%]
46 passed in 3.72s
----
Thu May 14 01:39:06 AM IST 2026
..............................................                           [100%]
46 passed in 3.64s
----
Thu May 14 01:44:11 AM IST 2026
..............................................                           [100%]
46 passed in 3.59s
----
Thu May 14 01:49:17 AM IST 2026
..............................................                           [100%]
46 passed in 3.59s
----
Thu May 14 01:54:23 AM IST 2026
..............................................                           [100%]
46 passed in 3.66s
----
Thu May 14 01:59:28 AM IST 2026
..............................................                           [100%]
46 passed in 3.64s
----
Thu May 14 07:14:56 AM IST 2026
..............................................                           [100%]
46 passed in 3.61s
----
Thu May 14 07:20:02 AM IST 2026
..............................................                           [100%]
46 passed in 3.60s
----
Thu May 14 07:25:08 AM IST 2026
..............................................                           [100%]
46 passed in 3.63s
----
Thu May 14 07:30:13 AM IST 2026
..............................................                           [100%]
46 passed in 3.65s
----
Thu May 14 07:35:19 AM IST 2026
..............................................                           [100%]
46 passed in 3.61s
----
Thu May 14 07:40:25 AM IST 2026
..............................................                           [100%]
46 passed in 3.71s
----
Thu May 14 07:45:30 AM IST 2026
..............................................                           [100%]
46 passed in 3.60s
----
Thu May 14 07:50:36 AM IST 2026
..............................................                           [100%]
46 passed in 3.64s
----
Thu May 14 07:55:42 AM IST 2026
..............................................                           [100%]
46 passed in 3.70s
----
Thu May 14 08:00:48 AM IST 2026
..............................................                           [100%]
46 passed in 3.68s
----
Thu May 14 08:05:53 AM IST 2026
..............................................                           [100%]
46 passed in 3.66s
----
Thu May 14 08:10:59 AM IST 2026
..............................................                           [100%]
46 passed in 3.66s
----
Thu May 14 08:16:05 AM IST 2026
..............................................                           [100%]
46 passed in 3.77s
----
Thu May 14 08:21:11 AM IST 2026
..............................................                           [100%]
46 passed in 3.61s
----
Thu May 14 08:26:17 AM IST 2026
..............................................                           [100%]
46 passed in 3.64s
----
Thu May 14 08:31:22 AM IST 2026
..............................................                           [100%]
46 passed in 3.72s
----
Thu May 14 08:36:28 AM IST 2026
..............................................                           [100%]
46 passed in 3.65s
----
Thu May 14 08:41:34 AM IST 2026
..............................................                           [100%]
46 passed in 3.64s
----
Thu May 14 08:46:40 AM IST 2026
..............................................                           [100%]
46 passed in 3.66s
----
Thu May 14 08:51:45 AM IST 2026
..............................................                           [100%]
46 passed in 3.62s
----
Thu May 14 08:56:51 AM IST 2026
..............................................                           [100%]
46 passed in 3.62s
----
Thu May 14 09:01:57 AM IST 2026
..............................................                           [100%]
46 passed in 4.51s
----
Thu May 14 09:07:03 AM IST 2026
..............................................                           [100%]
46 passed in 3.64s
----
Thu May 14 09:12:09 AM IST 2026
..............................................                           [100%]
46 passed in 3.67s
----
Thu May 14 09:17:15 AM IST 2026
..............................................                           [100%]
46 passed in 3.66s
----
Thu May 14 09:22:21 AM IST 2026
..............................................                           [100%]
46 passed in 3.69s
----
Thu May 14 09:27:26 AM IST 2026
..............................................                           [100%]
46 passed in 3.62s
----
Thu May 14 09:32:32 AM IST 2026
..............................................                           [100%]
46 passed in 3.69s
----
Thu May 14 09:37:38 AM IST 2026
..............................................                           [100%]
46 passed in 3.72s
----
Thu May 14 09:42:44 AM IST 2026
..............................................                           [100%]
46 passed in 3.63s
----
Thu May 14 09:47:49 AM IST 2026
..............................................                           [100%]
46 passed in 3.74s
----
Thu May 14 09:52:55 AM IST 2026
..............................................                           [100%]
46 passed in 3.71s
----
Thu May 14 09:58:01 AM IST 2026
..............................................                           [100%]
46 passed in 3.60s
----
Thu May 14 10:03:07 AM IST 2026
..............................................                           [100%]
46 passed in 3.61s
----
Thu May 14 10:08:12 AM IST 2026
..............................................                           [100%]
46 passed in 3.67s
----
Thu May 14 10:13:18 AM IST 2026
..............................................                           [100%]
46 passed in 3.70s
----
Thu May 14 10:18:24 AM IST 2026
..............................................                           [100%]
46 passed in 3.62s
----
Thu May 14 10:23:30 AM IST 2026
..............................................                           [100%]
46 passed in 3.71s
----
Thu May 14 10:28:36 AM IST 2026
..............................................                           [100%]
46 passed in 3.55s
----
Thu May 14 10:33:41 AM IST 2026
..............................................                           [100%]
46 passed in 3.59s
----
Thu May 14 10:38:47 AM IST 2026
..............................................                           [100%]
46 passed in 3.56s
----
Thu May 14 10:43:53 AM IST 2026
..............................................                           [100%]
46 passed in 3.69s
----
Thu May 14 10:48:58 AM IST 2026
..............................................                           [100%]
46 passed in 3.57s
----
Thu May 14 10:54:04 AM IST 2026
..............................................                           [100%]
46 passed in 3.66s
----
Thu May 14 10:59:10 AM IST 2026
..............................................                           [100%]
46 passed in 3.66s
----
Thu May 14 11:04:16 AM IST 2026
..............................................                           [100%]
46 passed in 3.60s
----
Thu May 14 11:09:21 AM IST 2026
..............................................                           [100%]
46 passed in 3.71s
----
Thu May 14 11:14:27 AM IST 2026
..............................................                           [100%]
46 passed in 3.65s
----
Thu May 14 11:19:33 AM IST 2026
..............................................                           [100%]
46 passed in 3.68s
----
Thu May 14 11:24:39 AM IST 2026
..............................................                           [100%]
46 passed in 3.67s
----
Thu May 14 11:29:44 AM IST 2026
..............................................                           [100%]
46 passed in 3.70s
----
Thu May 14 11:34:50 AM IST 2026
..............................................                           [100%]
46 passed in 3.64s
----
Thu May 14 11:39:56 AM IST 2026
..............................................                           [100%]
46 passed in 3.76s
----
Thu May 14 11:45:02 AM IST 2026
..............................................                           [100%]
46 passed in 3.64s
----
Thu May 14 11:50:08 AM IST 2026
..............................................                           [100%]
46 passed in 3.86s
----
Thu May 14 11:55:14 AM IST 2026
..............................................                           [100%]
46 passed in 3.68s
----
Thu May 14 12:00:20 PM IST 2026
..............................................                           [100%]
46 passed in 3.72s
----
Thu May 14 12:05:26 PM IST 2026
..............................................                           [100%]
46 passed in 3.57s
----
Thu May 14 12:10:31 PM IST 2026
..............................................                           [100%]
46 passed in 3.60s
----
Thu May 14 12:15:37 PM IST 2026
..............................................                           [100%]
46 passed in 3.67s
----
Thu May 14 12:20:43 PM IST 2026
..............................................                           [100%]
46 passed in 3.83s
----
Thu May 14 12:25:49 PM IST 2026
..............................................                           [100%]
46 passed in 3.85s
----
Thu May 14 12:30:55 PM IST 2026
..............................................                           [100%]
46 passed in 3.86s
----
Thu May 14 12:36:01 PM IST 2026
..............................................                           [100%]
46 passed in 3.70s
----
Thu May 14 12:41:07 PM IST 2026
..............................................                           [100%]
46 passed in 3.69s
----
Thu May 14 12:46:12 PM IST 2026
..............................................                           [100%]
46 passed in 3.64s
----
Thu May 14 12:51:18 PM IST 2026
..............................................                           [100%]
46 passed in 3.64s
----
Thu May 14 12:56:24 PM IST 2026
..............................................                           [100%]
46 passed in 3.62s
----
Thu May 14 01:01:30 PM IST 2026
..............................................                           [100%]
46 passed in 3.68s
----
Thu May 14 01:06:35 PM IST 2026
..............................................                           [100%]
46 passed in 3.76s
----
Thu May 14 01:11:41 PM IST 2026
..............................................                           [100%]
46 passed in 3.65s
----
Thu May 14 01:16:47 PM IST 2026
..............................................                           [100%]
46 passed in 3.61s
----
Thu May 14 01:21:53 PM IST 2026
..............................................                           [100%]
46 passed in 3.63s
----
Thu May 14 01:26:58 PM IST 2026
..............................................                           [100%]
46 passed in 3.63s
----
Thu May 14 01:32:04 PM IST 2026
..............................................                           [100%]
46 passed in 3.68s
----
Thu May 14 01:37:10 PM IST 2026
..............................................                           [100%]
46 passed in 3.82s
----
Thu May 14 01:42:16 PM IST 2026
..............................................                           [100%]
46 passed in 3.64s
----
Thu May 14 01:47:21 PM IST 2026
..............................................                           [100%]
46 passed in 3.73s
----
Thu May 14 01:52:28 PM IST 2026
..............................................                           [100%]
46 passed in 3.68s
----
Thu May 14 01:57:33 PM IST 2026
..............................................                           [100%]
46 passed in 3.63s
----
Thu May 14 02:02:39 PM IST 2026
..............................................                           [100%]
46 passed in 3.73s
----
Thu May 14 02:07:45 PM IST 2026
..............................................                           [100%]
46 passed in 3.64s
----
Thu May 14 02:12:51 PM IST 2026
..............................................                           [100%]
46 passed in 3.72s
----
Thu May 14 02:17:57 PM IST 2026
..............................................                           [100%]
46 passed in 3.62s
----
Thu May 14 02:23:02 PM IST 2026
..............................................                           [100%]
46 passed in 3.59s
----
Thu May 14 02:28:08 PM IST 2026
..............................................                           [100%]
46 passed in 3.66s
----
Thu May 14 02:33:14 PM IST 2026
..............................................                           [100%]
46 passed in 3.64s
----
Thu May 14 02:38:19 PM IST 2026
..............................................                           [100%]
46 passed in 3.67s
----
Thu May 14 02:43:25 PM IST 2026
..............................................                           [100%]
46 passed in 3.67s
----
Thu May 14 02:48:31 PM IST 2026
..............................................                           [100%]
46 passed in 3.70s
----
Thu May 14 02:53:37 PM IST 2026
..............................................                           [100%]
46 passed in 3.73s
----
Thu May 14 02:58:42 PM IST 2026
..............................................                           [100%]
46 passed in 3.58s
----
Thu May 14 03:03:48 PM IST 2026
..............................................                           [100%]
46 passed in 3.57s
----
Thu May 14 03:08:53 PM IST 2026
..............................................                           [100%]
46 passed in 3.72s
----
Thu May 14 03:13:59 PM IST 2026
..............................................                           [100%]
46 passed in 3.80s
----
Thu May 14 03:19:05 PM IST 2026
..............................................                           [100%]
46 passed in 3.63s
----
Thu May 14 03:24:11 PM IST 2026
..............................................                           [100%]
46 passed in 3.63s
----
Thu May 14 03:29:17 PM IST 2026
..............................................                           [100%]
46 passed in 3.67s
----
Thu May 14 03:34:22 PM IST 2026
..............................................                           [100%]
46 passed in 3.67s
----
Thu May 14 03:39:28 PM IST 2026
..............................................                           [100%]
46 passed in 3.77s
----
Thu May 14 03:44:34 PM IST 2026
..............................................                           [100%]
46 passed in 3.67s
----
Thu May 14 03:49:40 PM IST 2026
..............................................                           [100%]
46 passed in 3.62s
----
Thu May 14 03:54:46 PM IST 2026
..............................................                           [100%]
46 passed in 3.67s
----
Thu May 14 03:59:51 PM IST 2026
..............................................                           [100%]
46 passed in 3.69s
----
Thu May 14 04:04:57 PM IST 2026
..............................................                           [100%]
46 passed in 3.60s
----
Thu May 14 04:10:03 PM IST 2026
..............................................                           [100%]
46 passed in 3.57s
----
Thu May 14 04:15:09 PM IST 2026
..............................................                           [100%]
46 passed in 3.63s
----
Thu May 14 04:20:14 PM IST 2026
..............................................                           [100%]
46 passed in 3.62s
----
Thu May 14 04:25:20 PM IST 2026
..............................................                           [100%]
46 passed in 3.59s
----
Thu May 14 04:30:26 PM IST 2026
..............................................                           [100%]
46 passed in 3.61s
----
Thu May 14 04:35:32 PM IST 2026
..............................................                           [100%]
46 passed in 3.70s
----
Thu May 14 04:40:37 PM IST 2026
..............................................                           [100%]
46 passed in 3.66s
----
Thu May 14 04:45:43 PM IST 2026
..............................................                           [100%]
46 passed in 3.64s
----
Thu May 14 04:50:49 PM IST 2026
..............................................                           [100%]
46 passed in 3.69s
----
Thu May 14 04:55:55 PM IST 2026
..............................................                           [100%]
46 passed in 3.76s
----
Thu May 14 05:01:01 PM IST 2026
..............................................                           [100%]
46 passed in 3.73s
----
Thu May 14 05:06:07 PM IST 2026
..............................................                           [100%]
46 passed in 3.72s
----
Thu May 14 05:11:13 PM IST 2026
..............................................                           [100%]
46 passed in 3.64s
----
Thu May 14 05:16:19 PM IST 2026
..............................................                           [100%]
46 passed in 3.89s
----
Thu May 14 05:21:25 PM IST 2026
..............................................                           [100%]
46 passed in 3.78s
----
Thu May 14 05:26:31 PM IST 2026
..............................................                           [100%]
46 passed in 3.98s
----
Thu May 14 05:31:37 PM IST 2026
..............................................                           [100%]
46 passed in 4.05s
----
Thu May 14 05:36:44 PM IST 2026
..............................................                           [100%]
46 passed in 3.85s
----
Thu May 14 05:41:50 PM IST 2026
..............................................                           [100%]
46 passed in 4.03s
----
Thu May 14 05:46:56 PM IST 2026
..............................................                           [100%]
46 passed in 3.91s
----
Thu May 14 05:52:03 PM IST 2026
..............................................                           [100%]
46 passed in 3.87s
----
Thu May 14 05:57:09 PM IST 2026
..............................................                           [100%]
46 passed in 3.90s
----
Thu May 14 06:02:15 PM IST 2026
..............................................                           [100%]
46 passed in 3.83s
----
Thu May 14 06:07:21 PM IST 2026
..............................................                           [100%]
46 passed in 3.93s
----
Thu May 14 06:12:28 PM IST 2026
..............................................                           [100%]
46 passed in 4.04s
----
Thu May 14 06:17:34 PM IST 2026
..............................................                           [100%]
46 passed in 3.89s
----
Thu May 14 06:22:41 PM IST 2026
..............................................                           [100%]
46 passed in 4.01s
----
Thu May 14 06:27:47 PM IST 2026
..............................................                           [100%]
46 passed in 3.96s
----
Thu May 14 06:32:54 PM IST 2026
..............................................                           [100%]
46 passed in 4.27s
----
Thu May 14 06:38:00 PM IST 2026
..............................................                           [100%]
46 passed in 3.93s
----
Thu May 14 06:43:07 PM IST 2026
..............................................                           [100%]
46 passed in 5.05s
----
Thu May 14 06:48:14 PM IST 2026
..............................................                           [100%]
46 passed in 3.89s
----
Thu May 14 06:53:20 PM IST 2026
..............................................                           [100%]
46 passed in 3.92s
----
Thu May 14 06:58:27 PM IST 2026
..............................................                           [100%]
46 passed in 3.91s
----
Thu May 14 07:03:33 PM IST 2026
..............................................                           [100%]
46 passed in 4.05s
----
Thu May 14 07:08:40 PM IST 2026
..............................................                           [100%]
46 passed in 4.08s
----
Thu May 14 07:13:46 PM IST 2026
..............................................                           [100%]
46 passed in 3.96s
----
Thu May 14 07:18:52 PM IST 2026
..............................................                           [100%]
46 passed in 3.89s
----
Thu May 14 07:23:58 PM IST 2026
..............................................                           [100%]
46 passed in 3.85s
----
Thu May 14 07:29:05 PM IST 2026
..............................................                           [100%]
46 passed in 3.99s
----
Thu May 14 07:34:11 PM IST 2026
..............................................                           [100%]
46 passed in 3.97s
----
Thu May 14 07:39:17 PM IST 2026
..............................................                           [100%]
46 passed in 3.98s
----
Thu May 14 07:44:24 PM IST 2026
..............................................                           [100%]
46 passed in 3.86s
----
Thu May 14 07:49:30 PM IST 2026
..............................................                           [100%]
46 passed in 3.83s
----
Thu May 14 07:54:36 PM IST 2026
..............................................                           [100%]
46 passed in 3.93s
----
Thu May 14 07:59:42 PM IST 2026
..............................................                           [100%]
46 passed in 3.99s
----
Thu May 14 08:04:48 PM IST 2026
..............................................                           [100%]
46 passed in 3.86s
----
Thu May 14 08:09:55 PM IST 2026
..............................................                           [100%]
46 passed in 3.89s
----
Thu May 14 08:15:01 PM IST 2026
..............................................                           [100%]
46 passed in 3.90s
----
Thu May 14 08:20:07 PM IST 2026
..............................................                           [100%]
46 passed in 4.12s
----
Thu May 14 08:25:14 PM IST 2026
..............................................                           [100%]
46 passed in 3.98s
----
Thu May 14 08:30:20 PM IST 2026
..............................................                           [100%]
46 passed in 4.04s
----
Thu May 14 08:35:26 PM IST 2026
..............................................                           [100%]
46 passed in 3.94s
----
Thu May 14 08:40:33 PM IST 2026
..............................................                           [100%]
46 passed in 4.11s
----
Thu May 14 08:45:39 PM IST 2026
..............................................                           [100%]
46 passed in 3.85s
----
Thu May 14 08:50:45 PM IST 2026
..............................................                           [100%]
46 passed in 4.00s
----
Thu May 14 08:55:51 PM IST 2026
..............................................                           [100%]
46 passed in 3.80s
----
Thu May 14 09:00:58 PM IST 2026
..............................................                           [100%]
46 passed in 3.96s
----
Thu May 14 09:06:04 PM IST 2026
..............................................                           [100%]
46 passed in 4.13s
----
Thu May 14 09:11:10 PM IST 2026
..............................................                           [100%]
46 passed in 3.96s
----
Thu May 14 09:16:17 PM IST 2026
..............................................                           [100%]
46 passed in 3.85s
----
Thu May 14 09:21:23 PM IST 2026
..............................................                           [100%]
46 passed in 3.91s
----
Thu May 14 09:26:29 PM IST 2026
..............................................                           [100%]
46 passed in 4.21s
----
Thu May 14 09:31:36 PM IST 2026
..............................................                           [100%]
46 passed in 3.93s
----
Thu May 14 09:36:42 PM IST 2026
..............................................                           [100%]
46 passed in 3.90s
----
Thu May 14 09:41:48 PM IST 2026
..............................................                           [100%]
46 passed in 3.90s
----
Thu May 14 09:46:54 PM IST 2026
..............................................                           [100%]
46 passed in 3.98s
----
Thu May 14 09:52:01 PM IST 2026
..............................................                           [100%]
46 passed in 3.97s
----
Thu May 14 09:57:07 PM IST 2026
..............................................                           [100%]
46 passed in 3.94s
----
Thu May 14 10:02:13 PM IST 2026
..............................................                           [100%]
46 passed in 3.89s
----
Thu May 14 10:07:19 PM IST 2026
..............................................                           [100%]
46 passed in 3.92s
----
Thu May 14 10:12:26 PM IST 2026
..............................................                           [100%]
46 passed in 4.96s
----
Thu May 14 10:17:33 PM IST 2026
..............................................                           [100%]
46 passed in 3.85s
----
Thu May 14 10:22:39 PM IST 2026
..............................................                           [100%]
46 passed in 3.81s
----
Thu May 14 10:27:45 PM IST 2026
..............................................                           [100%]
46 passed in 4.01s
----
Thu May 14 10:32:52 PM IST 2026
..............................................                           [100%]
46 passed in 3.98s
----
Thu May 14 10:37:58 PM IST 2026
..............................................                           [100%]
46 passed in 3.97s
----
Thu May 14 10:43:04 PM IST 2026
..............................................                           [100%]
46 passed in 4.13s
----
Thu May 14 10:48:11 PM IST 2026
..............................................                           [100%]
46 passed in 3.92s
----
Thu May 14 10:53:17 PM IST 2026
..............................................                           [100%]
46 passed in 3.98s
----
Thu May 14 10:58:23 PM IST 2026
..............................................                           [100%]
46 passed in 3.88s
----
Thu May 14 11:03:29 PM IST 2026
..............................................                           [100%]
46 passed in 3.99s
----
Thu May 14 11:08:36 PM IST 2026
..............................................                           [100%]
46 passed in 3.79s
----
Thu May 14 11:13:42 PM IST 2026
..............................................                           [100%]
46 passed in 3.86s
----
Thu May 14 11:18:48 PM IST 2026
..............................................                           [100%]
46 passed in 4.05s
----
Thu May 14 11:23:54 PM IST 2026
..............................................                           [100%]
46 passed in 3.82s
----
Thu May 14 11:29:01 PM IST 2026
..............................................                           [100%]
46 passed in 3.87s
----
Thu May 14 11:34:07 PM IST 2026
..............................................                           [100%]
46 passed in 3.97s
----
Thu May 14 11:39:13 PM IST 2026
..............................................                           [100%]
46 passed in 3.86s
----
Thu May 14 11:44:19 PM IST 2026
..............................................                           [100%]
46 passed in 3.89s
----
Completed: Fri May 15 01:57:01 AM IST 2026
